# JRE version: Java(TM) SE Runtime Environment (8.0_202-b08) (build 1.8.0_202-b08)
# Java VM: Java HotSpot(TM) 64-Bit Server VM (25.202-b08 mixed mode windows-amd64 compressed oops)
Heap:
 PSYoungGen      total 548864K, used 499619K [0x00000000d5e00000, 0x00000000ffc80000, 0x0000000100000000)
  eden space 416256K, 100% used [0x00000000d5e00000,0x00000000ef480000,0x00000000ef480000)
  from space 132608K, 62% used [0x00000000ef480000,0x00000000f45e8f68,0x00000000f7600000)
  to   space 129536K, 53% used [0x00000000f7e00000,0x00000000fc1c9b30,0x00000000ffc80000)
 ParOldGen       total 301568K, used 177886K [0x0000000081a00000, 0x0000000094080000, 0x00000000d5e00000)
  object space 301568K, 58% used [0x0000000081a00000,0x000000008c7b79c8,0x0000000094080000)
 Metaspace       used 27912K, capacity 28440K, committed 28800K, reserved 1075200K
  class space    used 2999K, capacity 3167K, committed 3200K, reserved 1048576K
GC Heap History (10 events):
Event: 33.401 GC heap after
Heap after GC invocations=28 (full 3):
 PSYoungGen      total 538112K, used 83836K [0x00000000d5e00000, 0x00000000ffb00000, 0x0000000100000000)
  eden space 394752K, 0% used [0x00000000d5e00000,0x00000000d5e00000,0x00000000edf80000)
  from space 143360K, 58% used [0x00000000edf80000,0x00000000f315f378,0x00000000f6b80000)
  to   space 140800K, 0% used [0x00000000f7180000,0x00000000f7180000,0x00000000ffb00000)
 ParOldGen       total 301568K, used 168083K [0x0000000081a00000, 0x0000000094080000, 0x00000000d5e00000)
  object space 301568K, 55% used [0x0000000081a00000,0x000000008be24cd0,0x0000000094080000)
 Metaspace       used 27912K, capacity 28440K, committed 28800K, reserved 1075200K
  class space    used 2998K, capacity 3167K, committed 3200K, reserved 1048576K
}
Event: 33.799 GC heap before
{Heap before GC invocations=29 (full 3):
 PSYoungGen      total 538112K, used 478588K [0x00000000d5e00000, 0x00000000ffb00000, 0x0000000100000000)
  eden space 394752K, 100% used [0x00000000d5e00000,0x00000000edf80000,0x00000000edf80000)
  from space 143360K, 58% used [0x00000000edf80000,0x00000000f315f378,0x00000000f6b80000)
  to   space 140800K, 0% used [0x00000000f7180000,0x00000000f7180000,0x00000000ffb00000)
 ParOldGen       total 301568K, used 168092K [0x0000000081a00000, 0x0000000094080000, 0x00000000d5e00000)
  object space 301568K, 55% used [0x0000000081a00000,0x000000008be27338,0x0000000094080000)
 Metaspace       used 27912K, capacity 28440K, committed 28800K, reserved 1075200K
  class space    used 2998K, capacity 3167K, committed 3200K, reserved 1048576K
Event: 33.929 GC heap after
Heap after GC invocations=29 (full 3):
 PSYoungGen      total 543232K, used 83089K [0x00000000d5e00000, 0x00000000ff780000, 0x0000000100000000)
  eden space 406016K, 0% used [0x00000000d5e00000,0x00000000d5e00000,0x00000000eea80000)
  from space 137216K, 60% used [0x00000000f7180000,0x00000000fc2a4518,0x00000000ff780000)
  to   space 137728K, 0% used [0x00000000eea80000,0x00000000eea80000,0x00000000f7100000)
 ParOldGen       total 301568K, used 169922K [0x0000000081a00000, 0x0000000094080000, 0x00000000d5e00000)
  object space 301568K, 56% used [0x0000000081a00000,0x000000008bff0878,0x0000000094080000)
 Metaspace       used 27912K, capacity 28440K, committed 28800K, reserved 1075200K
  class space    used 2998K, capacity 3167K, committed 3200K, reserved 1048576K
}
Event: 34.346 GC heap before
{Heap before GC invocations=30 (full 3):
 PSYoungGen      total 543232K, used 489105K [0x00000000d5e00000, 0x00000000ff780000, 0x0000000100000000)
  eden space 406016K, 100% used [0x00000000d5e00000,0x00000000eea80000,0x00000000eea80000)
  from space 137216K, 60% used [0x00000000f7180000,0x00000000fc2a4518,0x00000000ff780000)
  to   space 137728K, 0% used [0x00000000eea80000,0x00000000eea80000,0x00000000f7100000)
 ParOldGen       total 301568K, used 169922K [0x0000000081a00000, 0x0000000094080000, 0x00000000d5e00000)
  object space 301568K, 56% used [0x0000000081a00000,0x000000008bff0878,0x0000000094080000)
 Metaspace       used 27912K, capacity 28440K, committed 28800K, reserved 1075200K
  class space    used 2999K, capacity 3167K, committed 3200K, reserved 1048576K
Event: 34.481 GC heap after
Heap after GC invocations=30 (full 3):
 PSYoungGen      total 543744K, used 86466K [0x00000000d5e00000, 0x00000000ffd80000, 0x0000000100000000)
  eden space 406016K, 0% used [0x00000000d5e00000,0x00000000d5e00000,0x00000000eea80000)
  from space 137728K, 62% used [0x00000000eea80000,0x00000000f3ef08f8,0x00000000f7100000)
  to   space 136192K, 0% used [0x00000000f7880000,0x00000000f7880000,0x00000000ffd80000)
 ParOldGen       total 301568K, used 171978K [0x0000000081a00000, 0x0000000094080000, 0x00000000d5e00000)
  object space 301568K, 57% used [0x0000000081a00000,0x000000008c1f28b8,0x0000000094080000)
 Metaspace       used 27912K, capacity 28440K, committed 28800K, reserved 1075200K
  class space    used 2999K, capacity 3167K, committed 3200K, reserved 1048576K
}
Event: 34.920 GC heap before
{Heap before GC invocations=31 (full 3):
 PSYoungGen      total 543744K, used 492482K [0x00000000d5e00000, 0x00000000ffd80000, 0x0000000100000000)
  eden space 406016K, 100% used [0x00000000d5e00000,0x00000000eea80000,0x00000000eea80000)
  from space 137728K, 62% used [0x00000000eea80000,0x00000000f3ef08f8,0x00000000f7100000)
  to   space 136192K, 0% used [0x00000000f7880000,0x00000000f7880000,0x00000000ffd80000)
 ParOldGen       total 301568K, used 171978K [0x0000000081a00000, 0x0000000094080000, 0x00000000d5e00000)
  object space 301568K, 57% used [0x0000000081a00000,0x000000008c1f28b8,0x0000000094080000)
 Metaspace       used 27912K, capacity 28440K, committed 28800K, reserved 1075200K
  class space    used 2999K, capacity 3167K, committed 3200K, reserved 1048576K
Event: 35.052 GC heap after
Heap after GC invocations=31 (full 3):
 PSYoungGen      total 546304K, used 82278K [0x00000000d5e00000, 0x00000000ff780000, 0x0000000100000000)
  eden space 416256K, 0% used [0x00000000d5e00000,0x00000000d5e00000,0x00000000ef480000)
  from space 130048K, 63% used [0x00000000f7880000,0x00000000fc8d9918,0x00000000ff780000)
  to   space 132608K, 0% used [0x00000000ef480000,0x00000000ef480000,0x00000000f7600000)
 ParOldGen       total 301568K, used 174406K [0x0000000081a00000, 0x0000000094080000, 0x00000000d5e00000)
  object space 301568K, 57% used [0x0000000081a00000,0x000000008c451948,0x0000000094080000)
 Metaspace       used 27912K, capacity 28440K, committed 28800K, reserved 1075200K
  class space    used 2999K, capacity 3167K, committed 3200K, reserved 1048576K
}
Event: 35.485 GC heap before
{Heap before GC invocations=32 (full 3):
 PSYoungGen      total 546304K, used 498534K [0x00000000d5e00000, 0x00000000ff780000, 0x0000000100000000)
  eden space 416256K, 100% used [0x00000000d5e00000,0x00000000ef480000,0x00000000ef480000)
  from space 130048K, 63% used [0x00000000f7880000,0x00000000fc8d9918,0x00000000ff780000)
  to   space 132608K, 0% used [0x00000000ef480000,0x00000000ef480000,0x00000000f7600000)
 ParOldGen       total 301568K, used 174406K [0x0000000081a00000, 0x0000000094080000, 0x00000000d5e00000)
  object space 301568K, 57% used [0x0000000081a00000,0x000000008c451948,0x0000000094080000)
 Metaspace       used 27912K, capacity 28440K, committed 28800K, reserved 1075200K
  class space    used 2999K, capacity 3167K, committed 3200K, reserved 1048576K
Event: 35.660 GC heap after
Heap after GC invocations=32 (full 3):
 PSYoungGen      total 548864K, used 83363K [0x00000000d5e00000, 0x00000000ffc80000, 0x0000000100000000)
  eden space 416256K, 0% used [0x00000000d5e00000,0x00000000d5e00000,0x00000000ef480000)
  from space 132608K, 62% used [0x00000000ef480000,0x00000000f45e8f68,0x00000000f7600000)
  to   space 129536K, 0% used [0x00000000f7e00000,0x00000000f7e00000,0x00000000ffc80000)
 ParOldGen       total 301568K, used 176222K [0x0000000081a00000, 0x0000000094080000, 0x00000000d5e00000)
  object space 301568K, 58% used [0x0000000081a00000,0x000000008c617988,0x0000000094080000)
 Metaspace       used 27912K, capacity 28440K, committed 28800K, reserved 1075200K
  class space    used 2999K, capacity 3167K, committed 3200K, reserved 1048576K
}
Event: 36.128 GC heap before
{Heap before GC invocations=33 (full 3):
 PSYoungGen      total 548864K, used 499619K [0x00000000d5e00000, 0x00000000ffc80000, 0x0000000100000000)
  eden space 416256K, 100% used [0x00000000d5e00000,0x00000000ef480000,0x00000000ef480000)
  from space 132608K, 62% used [0x00000000ef480000,0x00000000f45e8f68,0x00000000f7600000)
  to   space 129536K, 0% used [0x00000000f7e00000,0x00000000f7e00000,0x00000000ffc80000)
 ParOldGen       total 301568K, used 176222K [0x0000000081a00000, 0x0000000094080000, 0x00000000d5e00000)
  object space 301568K, 58% used [0x0000000081a00000,0x000000008c617988,0x0000000094080000)
 Metaspace       used 27912K, capacity 28440K, committed 28800K, reserved 1075200K
  class space    used 2999K, capacity 3167K, committed 3200K, reserved 1048576K

