# JRE version: Java(TM) SE Runtime Environment (8.0_202-b08) (build 1.8.0_202-b08)
# Java VM: Java HotSpot(TM) 64-Bit Server VM (25.202-b08 mixed mode windows-amd64 compressed oops)
Heap:
 PSYoungGen      total 521728K, used 120677K [0x00000000d5e00000, 0x0000000100000000, 0x0000000100000000)
  eden space 413696K, 3% used [0x00000000d5e00000,0x00000000d6a5f2e0,0x00000000ef200000)
  from space 108032K, 99% used [0x00000000f9680000,0x00000000ffffa4f8,0x0000000100000000)
  to   space 138240K, 0% used [0x00000000ef200000,0x00000000ef200000,0x00000000f7900000)
 ParOldGen       total 225792K, used 156859K [0x0000000081a00000, 0x000000008f680000, 0x00000000d5e00000)
  object space 225792K, 69% used [0x0000000081a00000,0x000000008b32ee10,0x000000008f680000)
 Metaspace       used 27744K, capacity 28312K, committed 28544K, reserved 1075200K
  class space    used 2998K, capacity 3167K, committed 3200K, reserved 1048576K
GC Heap History (10 events):
Event: 15.596 GC heap before
{Heap before GC invocations=14 (full 2):
 PSYoungGen      total 344576K, used 280576K [0x00000000d5e00000, 0x00000000f7280000, 0x0000000100000000)
  eden space 280576K, 100% used [0x00000000d5e00000,0x00000000e7000000,0x00000000e7000000)
  from space 64000K, 0% used [0x00000000e7000000,0x00000000e7000000,0x00000000eae80000)
  to   space 97280K, 0% used [0x00000000f1380000,0x00000000f1380000,0x00000000f7280000)
 ParOldGen       total 225792K, used 97028K [0x0000000081a00000, 0x000000008f680000, 0x00000000d5e00000)
  object space 225792K, 42% used [0x0000000081a00000,0x00000000878c13a0,0x000000008f680000)
 Metaspace       used 22799K, capacity 23214K, committed 23552K, reserved 1071104K
  class space    used 2491K, capacity 2641K, committed 2816K, reserved 1048576K
Event: 15.653 GC heap after
Heap after GC invocations=14 (full 2):
 PSYoungGen      total 424448K, used 20115K [0x00000000d5e00000, 0x00000000f6380000, 0x0000000100000000)
  eden space 342528K, 0% used [0x00000000d5e00000,0x00000000d5e00000,0x00000000eac80000)
  from space 81920K, 24% used [0x00000000f1380000,0x00000000f2724c90,0x00000000f6380000)
  to   space 93696K, 0% used [0x00000000eac80000,0x00000000eac80000,0x00000000f0800000)
 ParOldGen       total 225792K, used 97028K [0x0000000081a00000, 0x000000008f680000, 0x00000000d5e00000)
  object space 225792K, 42% used [0x0000000081a00000,0x00000000878c13a0,0x000000008f680000)
 Metaspace       used 22799K, capacity 23214K, committed 23552K, reserved 1071104K
  class space    used 2491K, capacity 2641K, committed 2816K, reserved 1048576K
}
Event: 18.086 GC heap before
{Heap before GC invocations=15 (full 2):
 PSYoungGen      total 424448K, used 362643K [0x00000000d5e00000, 0x00000000f6380000, 0x0000000100000000)
  eden space 342528K, 100% used [0x00000000d5e00000,0x00000000eac80000,0x00000000eac80000)
  from space 81920K, 24% used [0x00000000f1380000,0x00000000f2724c90,0x00000000f6380000)
  to   space 93696K, 0% used [0x00000000eac80000,0x00000000eac80000,0x00000000f0800000)
 ParOldGen       total 225792K, used 97028K [0x0000000081a00000, 0x000000008f680000, 0x00000000d5e00000)
  object space 225792K, 42% used [0x0000000081a00000,0x00000000878c13a0,0x000000008f680000)
 Metaspace       used 22883K, capacity 23278K, committed 23808K, reserved 1071104K
  class space    used 2495K, capacity 2641K, committed 2816K, reserved 1048576K
Event: 18.124 GC heap after
Heap after GC invocations=15 (full 2):
 PSYoungGen      total 436224K, used 26461K [0x00000000d5e00000, 0x00000000f9c80000, 0x0000000100000000)
  eden space 342528K, 0% used [0x00000000d5e00000,0x00000000d5e00000,0x00000000eac80000)
  from space 93696K, 28% used [0x00000000eac80000,0x00000000ec657720,0x00000000f0800000)
  to   space 89088K, 0% used [0x00000000f4580000,0x00000000f4580000,0x00000000f9c80000)
 ParOldGen       total 225792K, used 97028K [0x0000000081a00000, 0x000000008f680000, 0x00000000d5e00000)
  object space 225792K, 42% used [0x0000000081a00000,0x00000000878c13a0,0x000000008f680000)
 Metaspace       used 22883K, capacity 23278K, committed 23808K, reserved 1071104K
  class space    used 2495K, capacity 2641K, committed 2816K, reserved 1048576K
}
Event: 20.783 GC heap before
{Heap before GC invocations=16 (full 2):
 PSYoungGen      total 436224K, used 368989K [0x00000000d5e00000, 0x00000000f9c80000, 0x0000000100000000)
  eden space 342528K, 100% used [0x00000000d5e00000,0x00000000eac80000,0x00000000eac80000)
  from space 93696K, 28% used [0x00000000eac80000,0x00000000ec657720,0x00000000f0800000)
  to   space 89088K, 0% used [0x00000000f4580000,0x00000000f4580000,0x00000000f9c80000)
 ParOldGen       total 225792K, used 97028K [0x0000000081a00000, 0x000000008f680000, 0x00000000d5e00000)
  object space 225792K, 42% used [0x0000000081a00000,0x00000000878c13a0,0x000000008f680000)
 Metaspace       used 24248K, capacity 24768K, committed 25088K, reserved 1071104K
  class space    used 2641K, capacity 2778K, committed 2816K, reserved 1048576K
Event: 20.837 GC heap after
Heap after GC invocations=16 (full 2):
 PSYoungGen      total 480768K, used 35185K [0x00000000d5e00000, 0x00000000f8f00000, 0x0000000100000000)
  eden space 405504K, 0% used [0x00000000d5e00000,0x00000000d5e00000,0x00000000eea00000)
  from space 75264K, 46% used [0x00000000f4580000,0x00000000f67dc418,0x00000000f8f00000)
  to   space 84480K, 0% used [0x00000000eea00000,0x00000000eea00000,0x00000000f3c80000)
 ParOldGen       total 225792K, used 97036K [0x0000000081a00000, 0x000000008f680000, 0x00000000d5e00000)
  object space 225792K, 42% used [0x0000000081a00000,0x00000000878c33a0,0x000000008f680000)
 Metaspace       used 24248K, capacity 24768K, committed 25088K, reserved 1071104K
  class space    used 2641K, capacity 2778K, committed 2816K, reserved 1048576K
}
Event: 23.140 GC heap before
{Heap before GC invocations=17 (full 2):
 PSYoungGen      total 480768K, used 440689K [0x00000000d5e00000, 0x00000000f8f00000, 0x0000000100000000)
  eden space 405504K, 100% used [0x00000000d5e00000,0x00000000eea00000,0x00000000eea00000)
  from space 75264K, 46% used [0x00000000f4580000,0x00000000f67dc418,0x00000000f8f00000)
  to   space 84480K, 0% used [0x00000000eea00000,0x00000000eea00000,0x00000000f3c80000)
 ParOldGen       total 225792K, used 97048K [0x0000000081a00000, 0x000000008f680000, 0x00000000d5e00000)
  object space 225792K, 42% used [0x0000000081a00000,0x00000000878c60b0,0x000000008f680000)
 Metaspace       used 26833K, capacity 27366K, committed 27648K, reserved 1073152K
  class space    used 2917K, capacity 3068K, committed 3072K, reserved 1048576K
Event: 23.274 GC heap after
Heap after GC invocations=17 (full 2):
 PSYoungGen      total 489984K, used 84460K [0x00000000d5e00000, 0x0000000100000000, 0x0000000100000000)
  eden space 405504K, 0% used [0x00000000d5e00000,0x00000000d5e00000,0x00000000eea00000)
  from space 84480K, 99% used [0x00000000eea00000,0x00000000f3c7b0a8,0x00000000f3c80000)
  to   space 108032K, 0% used [0x00000000f9680000,0x00000000f9680000,0x0000000100000000)
 ParOldGen       total 225792K, used 123711K [0x0000000081a00000, 0x000000008f680000, 0x00000000d5e00000)
  object space 225792K, 54% used [0x0000000081a00000,0x00000000892cfd08,0x000000008f680000)
 Metaspace       used 26833K, capacity 27366K, committed 27648K, reserved 1073152K
  class space    used 2917K, capacity 3068K, committed 3072K, reserved 1048576K
}
Event: 25.117 GC heap before
{Heap before GC invocations=18 (full 2):
 PSYoungGen      total 489984K, used 489964K [0x00000000d5e00000, 0x0000000100000000, 0x0000000100000000)
  eden space 405504K, 100% used [0x00000000d5e00000,0x00000000eea00000,0x00000000eea00000)
  from space 84480K, 99% used [0x00000000eea00000,0x00000000f3c7b0a8,0x00000000f3c80000)
  to   space 108032K, 0% used [0x00000000f9680000,0x00000000f9680000,0x0000000100000000)
 ParOldGen       total 225792K, used 124023K [0x0000000081a00000, 0x000000008f680000, 0x00000000d5e00000)
  object space 225792K, 54% used [0x0000000081a00000,0x000000008931df20,0x000000008f680000)
 Metaspace       used 27740K, capacity 28312K, committed 28544K, reserved 1075200K
  class space    used 2996K, capacity 3167K, committed 3200K, reserved 1048576K
Event: 25.370 GC heap after
Heap after GC invocations=18 (full 2):
 PSYoungGen      total 521728K, used 108009K [0x00000000d5e00000, 0x0000000100000000, 0x0000000100000000)
  eden space 413696K, 0% used [0x00000000d5e00000,0x00000000d5e00000,0x00000000ef200000)
  from space 108032K, 99% used [0x00000000f9680000,0x00000000ffffa4f8,0x0000000100000000)
  to   space 138240K, 0% used [0x00000000ef200000,0x00000000ef200000,0x00000000f7900000)
 ParOldGen       total 225792K, used 156859K [0x0000000081a00000, 0x000000008f680000, 0x00000000d5e00000)
  object space 225792K, 69% used [0x0000000081a00000,0x000000008b32ee10,0x000000008f680000)
 Metaspace       used 27740K, capacity 28312K, committed 28544K, reserved 1075200K
  class space    used 2996K, capacity 3167K, committed 3200K, reserved 1048576K
}

