# JRE version: Java(TM) SE Runtime Environment (8.0_202-b08) (build 1.8.0_202-b08)
# Java VM: Java HotSpot(TM) 64-Bit Server VM (25.202-b08 mixed mode windows-amd64 compressed oops)
Heap:
 PSYoungGen      total 563712K, used 526816K [0x00000000d5e00000, 0x00000000ffd00000, 0x0000000100000000)
  eden space 440320K, 100% used [0x00000000d5e00000,0x00000000f0c00000,0x00000000f0c00000)
  from space 123392K, 70% used [0x00000000f8380000,0x00000000fd7f8198,0x00000000ffc00000)
  to   space 122368K, 8% used [0x00000000f0c00000,0x00000000f162b4d0,0x00000000f8380000)
 ParOldGen       total 235008K, used 175185K [0x0000000081a00000, 0x000000008ff80000, 0x00000000d5e00000)
  object space 235008K, 74% used [0x0000000081a00000,0x000000008c514618,0x000000008ff80000)
 Metaspace       used 27939K, capacity 28504K, committed 28800K, reserved 1075200K
  class space    used 2997K, capacity 3167K, committed 3200K, reserved 1048576K
GC Heap History (10 events):
Event: 34.118 GC heap after
Heap after GC invocations=30 (full 2):
 PSYoungGen      total 550400K, used 79693K [0x00000000d5e00000, 0x00000000ff680000, 0x0000000100000000)
  eden space 418304K, 0% used [0x00000000d5e00000,0x00000000d5e00000,0x00000000ef680000)
  from space 132096K, 60% used [0x00000000f7480000,0x00000000fc2534d0,0x00000000ff580000)
  to   space 129024K, 0% used [0x00000000ef680000,0x00000000ef680000,0x00000000f7480000)
 ParOldGen       total 235008K, used 166455K [0x0000000081a00000, 0x000000008ff80000, 0x00000000d5e00000)
  object space 235008K, 70% used [0x0000000081a00000,0x000000008bc8dc60,0x000000008ff80000)
 Metaspace       used 27939K, capacity 28504K, committed 28800K, reserved 1075200K
  class space    used 2997K, capacity 3167K, committed 3200K, reserved 1048576K
}
Event: 34.562 GC heap before
{Heap before GC invocations=31 (full 2):
 PSYoungGen      total 550400K, used 497997K [0x00000000d5e00000, 0x00000000ff680000, 0x0000000100000000)
  eden space 418304K, 100% used [0x00000000d5e00000,0x00000000ef680000,0x00000000ef680000)
  from space 132096K, 60% used [0x00000000f7480000,0x00000000fc2534d0,0x00000000ff580000)
  to   space 129024K, 0% used [0x00000000ef680000,0x00000000ef680000,0x00000000f7480000)
 ParOldGen       total 235008K, used 166455K [0x0000000081a00000, 0x000000008ff80000, 0x00000000d5e00000)
  object space 235008K, 70% used [0x0000000081a00000,0x000000008bc8dc60,0x000000008ff80000)
 Metaspace       used 27939K, capacity 28504K, committed 28800K, reserved 1075200K
  class space    used 2997K, capacity 3167K, committed 3200K, reserved 1048576K
Event: 34.704 GC heap after
Heap after GC invocations=31 (full 2):
 PSYoungGen      total 547328K, used 82893K [0x00000000d5e00000, 0x00000000ff800000, 0x0000000100000000)
  eden space 418304K, 0% used [0x00000000d5e00000,0x00000000d5e00000,0x00000000ef680000)
  from space 129024K, 64% used [0x00000000ef680000,0x00000000f47734d0,0x00000000f7480000)
  to   space 126464K, 0% used [0x00000000f7c80000,0x00000000f7c80000,0x00000000ff800000)
 ParOldGen       total 235008K, used 167925K [0x0000000081a00000, 0x000000008ff80000, 0x00000000d5e00000)
  object space 235008K, 71% used [0x0000000081a00000,0x000000008bdfd6f8,0x000000008ff80000)
 Metaspace       used 27939K, capacity 28504K, committed 28800K, reserved 1075200K
  class space    used 2997K, capacity 3167K, committed 3200K, reserved 1048576K
}
Event: 35.103 GC heap before
{Heap before GC invocations=32 (full 2):
 PSYoungGen      total 547328K, used 501197K [0x00000000d5e00000, 0x00000000ff800000, 0x0000000100000000)
  eden space 418304K, 100% used [0x00000000d5e00000,0x00000000ef680000,0x00000000ef680000)
  from space 129024K, 64% used [0x00000000ef680000,0x00000000f47734d0,0x00000000f7480000)
  to   space 126464K, 0% used [0x00000000f7c80000,0x00000000f7c80000,0x00000000ff800000)
 ParOldGen       total 235008K, used 167925K [0x0000000081a00000, 0x000000008ff80000, 0x00000000d5e00000)
  object space 235008K, 71% used [0x0000000081a00000,0x000000008bdfd6f8,0x000000008ff80000)
 Metaspace       used 27939K, capacity 28504K, committed 28800K, reserved 1075200K
  class space    used 2997K, capacity 3167K, committed 3200K, reserved 1048576K
Event: 35.242 GC heap after
Heap after GC invocations=32 (full 2):
 PSYoungGen      total 557568K, used 83070K [0x00000000d5e00000, 0x00000000ff980000, 0x0000000100000000)
  eden space 431104K, 0% used [0x00000000d5e00000,0x00000000d5e00000,0x00000000f0300000)
  from space 126464K, 65% used [0x00000000f7c80000,0x00000000fcd9f9b0,0x00000000ff800000)
  to   space 124416K, 0% used [0x00000000f0300000,0x00000000f0300000,0x00000000f7c80000)
 ParOldGen       total 235008K, used 169181K [0x0000000081a00000, 0x000000008ff80000, 0x00000000d5e00000)
  object space 235008K, 71% used [0x0000000081a00000,0x000000008bf37728,0x000000008ff80000)
 Metaspace       used 27939K, capacity 28504K, committed 28800K, reserved 1075200K
  class space    used 2997K, capacity 3167K, committed 3200K, reserved 1048576K
}
Event: 35.653 GC heap before
{Heap before GC invocations=33 (full 2):
 PSYoungGen      total 557568K, used 514174K [0x00000000d5e00000, 0x00000000ff980000, 0x0000000100000000)
  eden space 431104K, 100% used [0x00000000d5e00000,0x00000000f0300000,0x00000000f0300000)
  from space 126464K, 65% used [0x00000000f7c80000,0x00000000fcd9f9b0,0x00000000ff800000)
  to   space 124416K, 0% used [0x00000000f0300000,0x00000000f0300000,0x00000000f7c80000)
 ParOldGen       total 235008K, used 169181K [0x0000000081a00000, 0x000000008ff80000, 0x00000000d5e00000)
  object space 235008K, 71% used [0x0000000081a00000,0x000000008bf37728,0x000000008ff80000)
 Metaspace       used 27939K, capacity 28504K, committed 28800K, reserved 1075200K
  class space    used 2997K, capacity 3167K, committed 3200K, reserved 1048576K
Event: 35.797 GC heap after
Heap after GC invocations=33 (full 2):
 PSYoungGen      total 555520K, used 85632K [0x00000000d5e00000, 0x00000000ffc00000, 0x0000000100000000)
  eden space 431104K, 0% used [0x00000000d5e00000,0x00000000d5e00000,0x00000000f0300000)
  from space 124416K, 68% used [0x00000000f0300000,0x00000000f56a00d0,0x00000000f7c80000)
  to   space 123392K, 0% used [0x00000000f8380000,0x00000000f8380000,0x00000000ffc00000)
 ParOldGen       total 235008K, used 171613K [0x0000000081a00000, 0x000000008ff80000, 0x00000000d5e00000)
  object space 235008K, 73% used [0x0000000081a00000,0x000000008c197798,0x000000008ff80000)
 Metaspace       used 27939K, capacity 28504K, committed 28800K, reserved 1075200K
  class space    used 2997K, capacity 3167K, committed 3200K, reserved 1048576K
}
Event: 36.210 GC heap before
{Heap before GC invocations=34 (full 2):
 PSYoungGen      total 555520K, used 516736K [0x00000000d5e00000, 0x00000000ffc00000, 0x0000000100000000)
  eden space 431104K, 100% used [0x00000000d5e00000,0x00000000f0300000,0x00000000f0300000)
  from space 124416K, 68% used [0x00000000f0300000,0x00000000f56a00d0,0x00000000f7c80000)
  to   space 123392K, 0% used [0x00000000f8380000,0x00000000f8380000,0x00000000ffc00000)
 ParOldGen       total 235008K, used 171613K [0x0000000081a00000, 0x000000008ff80000, 0x00000000d5e00000)
  object space 235008K, 73% used [0x0000000081a00000,0x000000008c197798,0x000000008ff80000)
 Metaspace       used 27939K, capacity 28504K, committed 28800K, reserved 1075200K
  class space    used 2997K, capacity 3167K, committed 3200K, reserved 1048576K
Event: 36.365 GC heap after
Heap after GC invocations=34 (full 2):
 PSYoungGen      total 563712K, used 86496K [0x00000000d5e00000, 0x00000000ffd00000, 0x0000000100000000)
  eden space 440320K, 0% used [0x00000000d5e00000,0x00000000d5e00000,0x00000000f0c00000)
  from space 123392K, 70% used [0x00000000f8380000,0x00000000fd7f8198,0x00000000ffc00000)
  to   space 122368K, 0% used [0x00000000f0c00000,0x00000000f0c00000,0x00000000f8380000)
 ParOldGen       total 235008K, used 173301K [0x0000000081a00000, 0x000000008ff80000, 0x00000000d5e00000)
  object space 235008K, 73% used [0x0000000081a00000,0x000000008c33d5b8,0x000000008ff80000)
 Metaspace       used 27939K, capacity 28504K, committed 28800K, reserved 1075200K
  class space    used 2997K, capacity 3167K, committed 3200K, reserved 1048576K
}
Event: 36.773 GC heap before
{Heap before GC invocations=35 (full 2):
 PSYoungGen      total 563712K, used 526816K [0x00000000d5e00000, 0x00000000ffd00000, 0x0000000100000000)
  eden space 440320K, 100% used [0x00000000d5e00000,0x00000000f0c00000,0x00000000f0c00000)
  from space 123392K, 70% used [0x00000000f8380000,0x00000000fd7f8198,0x00000000ffc00000)
  to   space 122368K, 0% used [0x00000000f0c00000,0x00000000f0c00000,0x00000000f8380000)
 ParOldGen       total 235008K, used 173301K [0x0000000081a00000, 0x000000008ff80000, 0x00000000d5e00000)
  object space 235008K, 73% used [0x0000000081a00000,0x000000008c33d5b8,0x000000008ff80000)
 Metaspace       used 27939K, capacity 28504K, committed 28800K, reserved 1075200K
  class space    used 2997K, capacity 3167K, committed 3200K, reserved 1048576K

