# JRE version: Java(TM) SE Runtime Environment (8.0_202-b08) (build 1.8.0_202-b08)
# Java VM: Java HotSpot(TM) 64-Bit Server VM (25.202-b08 mixed mode windows-amd64 compressed oops)
Heap:
 PSYoungGen      total 569856K, used 541010K [0x00000000d5e00000, 0x00000000fff00000, 0x0000000100000000)
  eden space 451072K, 100% used [0x00000000d5e00000,0x00000000f1680000,0x00000000f1680000)
  from space 118784K, 75% used [0x00000000f1680000,0x00000000f6e54a78,0x00000000f8a80000)
  to   space 117760K, 32% used [0x00000000f8c00000,0x00000000fb18e410,0x00000000fff00000)
 ParOldGen       total 291328K, used 267571K [0x0000000081a00000, 0x0000000093680000, 0x00000000d5e00000)
  object space 291328K, 91% used [0x0000000081a00000,0x0000000091f4cf60,0x0000000093680000)
 Metaspace       used 27939K, capacity 28440K, committed 28848K, reserved 1075200K
  class space    used 2998K, capacity 3167K, committed 3248K, reserved 1048576K
GC Heap History (10 events):
Event: 39.665 GC heap after
Heap after GC invocations=42 (full 3):
 PSYoungGen      total 565248K, used 89254K [0x00000000d5e00000, 0x00000000fff80000, 0x0000000100000000)
  eden space 443904K, 0% used [0x00000000d5e00000,0x00000000d5e00000,0x00000000f0f80000)
  from space 121344K, 73% used [0x00000000f0f80000,0x00000000f66a9b30,0x00000000f8600000)
  to   space 120832K, 0% used [0x00000000f8980000,0x00000000f8980000,0x00000000fff80000)
 ParOldGen       total 291328K, used 259105K [0x0000000081a00000, 0x0000000093680000, 0x00000000d5e00000)
  object space 291328K, 88% used [0x0000000081a00000,0x0000000091708488,0x0000000093680000)
 Metaspace       used 27939K, capacity 28440K, committed 28848K, reserved 1075200K
  class space    used 2998K, capacity 3167K, committed 3248K, reserved 1048576K
}
Event: 40.115 GC heap before
{Heap before GC invocations=43 (full 3):
 PSYoungGen      total 565248K, used 533158K [0x00000000d5e00000, 0x00000000fff80000, 0x0000000100000000)
  eden space 443904K, 100% used [0x00000000d5e00000,0x00000000f0f80000,0x00000000f0f80000)
  from space 121344K, 73% used [0x00000000f0f80000,0x00000000f66a9b30,0x00000000f8600000)
  to   space 120832K, 0% used [0x00000000f8980000,0x00000000f8980000,0x00000000fff80000)
 ParOldGen       total 291328K, used 259105K [0x0000000081a00000, 0x0000000093680000, 0x00000000d5e00000)
  object space 291328K, 88% used [0x0000000081a00000,0x00000000917084b0,0x0000000093680000)
 Metaspace       used 27939K, capacity 28440K, committed 28848K, reserved 1075200K
  class space    used 2998K, capacity 3167K, committed 3248K, reserved 1048576K
Event: 40.287 GC heap after
Heap after GC invocations=43 (full 3):
 PSYoungGen      total 566784K, used 89568K [0x00000000d5e00000, 0x00000000ffd80000, 0x0000000100000000)
  eden space 448000K, 0% used [0x00000000d5e00000,0x00000000d5e00000,0x00000000f1380000)
  from space 118784K, 75% used [0x00000000f8980000,0x00000000fe0f8268,0x00000000ffd80000)
  to   space 119808K, 0% used [0x00000000f1380000,0x00000000f1380000,0x00000000f8880000)
 ParOldGen       total 291328K, used 261161K [0x0000000081a00000, 0x0000000093680000, 0x00000000d5e00000)
  object space 291328K, 89% used [0x0000000081a00000,0x000000009190a4f0,0x0000000093680000)
 Metaspace       used 27939K, capacity 28440K, committed 28848K, reserved 1075200K
  class space    used 2998K, capacity 3167K, committed 3248K, reserved 1048576K
}
Event: 40.755 GC heap before
{Heap before GC invocations=44 (full 3):
 PSYoungGen      total 566784K, used 537568K [0x00000000d5e00000, 0x00000000ffd80000, 0x0000000100000000)
  eden space 448000K, 100% used [0x00000000d5e00000,0x00000000f1380000,0x00000000f1380000)
  from space 118784K, 75% used [0x00000000f8980000,0x00000000fe0f8268,0x00000000ffd80000)
  to   space 119808K, 0% used [0x00000000f1380000,0x00000000f1380000,0x00000000f8880000)
 ParOldGen       total 291328K, used 261163K [0x0000000081a00000, 0x0000000093680000, 0x00000000d5e00000)
  object space 291328K, 89% used [0x0000000081a00000,0x000000009190aef0,0x0000000093680000)
 Metaspace       used 27939K, capacity 28440K, committed 28848K, reserved 1075200K
  class space    used 2998K, capacity 3167K, committed 3248K, reserved 1048576K
Event: 40.907 GC heap after
Heap after GC invocations=44 (full 3):
 PSYoungGen      total 567808K, used 90607K [0x00000000d5e00000, 0x0000000100000000, 0x0000000100000000)
  eden space 448000K, 0% used [0x00000000d5e00000,0x00000000d5e00000,0x00000000f1380000)
  from space 119808K, 75% used [0x00000000f1380000,0x00000000f6bfbe08,0x00000000f8880000)
  to   space 119296K, 0% used [0x00000000f8b80000,0x00000000f8b80000,0x0000000100000000)
 ParOldGen       total 291328K, used 262683K [0x0000000081a00000, 0x0000000093680000, 0x00000000d5e00000)
  object space 291328K, 90% used [0x0000000081a00000,0x0000000091a86e60,0x0000000093680000)
 Metaspace       used 27939K, capacity 28440K, committed 28848K, reserved 1075200K
  class space    used 2998K, capacity 3167K, committed 3248K, reserved 1048576K
}
Event: 41.370 GC heap before
{Heap before GC invocations=45 (full 3):
 PSYoungGen      total 567808K, used 538607K [0x00000000d5e00000, 0x0000000100000000, 0x0000000100000000)
  eden space 448000K, 100% used [0x00000000d5e00000,0x00000000f1380000,0x00000000f1380000)
  from space 119808K, 75% used [0x00000000f1380000,0x00000000f6bfbe08,0x00000000f8880000)
  to   space 119296K, 0% used [0x00000000f8b80000,0x00000000f8b80000,0x0000000100000000)
 ParOldGen       total 291328K, used 262683K [0x0000000081a00000, 0x0000000093680000, 0x00000000d5e00000)
  object space 291328K, 90% used [0x0000000081a00000,0x0000000091a86e60,0x0000000093680000)
 Metaspace       used 27939K, capacity 28440K, committed 28848K, reserved 1075200K
  class space    used 2998K, capacity 3167K, committed 3248K, reserved 1048576K
Event: 41.541 GC heap after
Heap after GC invocations=45 (full 3):
 PSYoungGen      total 568832K, used 90858K [0x00000000d5e00000, 0x00000000ffe80000, 0x0000000100000000)
  eden space 451072K, 0% used [0x00000000d5e00000,0x00000000d5e00000,0x00000000f1680000)
  from space 117760K, 77% used [0x00000000f8b80000,0x00000000fe43aa68,0x00000000ffe80000)
  to   space 118784K, 0% used [0x00000000f1680000,0x00000000f1680000,0x00000000f8a80000)
 ParOldGen       total 291328K, used 264427K [0x0000000081a00000, 0x0000000093680000, 0x00000000d5e00000)
  object space 291328K, 90% used [0x0000000081a00000,0x0000000091c3aea0,0x0000000093680000)
 Metaspace       used 27939K, capacity 28440K, committed 28848K, reserved 1075200K
  class space    used 2998K, capacity 3167K, committed 3248K, reserved 1048576K
}
Event: 41.958 GC heap before
{Heap before GC invocations=46 (full 3):
 PSYoungGen      total 568832K, used 541930K [0x00000000d5e00000, 0x00000000ffe80000, 0x0000000100000000)
  eden space 451072K, 100% used [0x00000000d5e00000,0x00000000f1680000,0x00000000f1680000)
  from space 117760K, 77% used [0x00000000f8b80000,0x00000000fe43aa68,0x00000000ffe80000)
  to   space 118784K, 0% used [0x00000000f1680000,0x00000000f1680000,0x00000000f8a80000)
 ParOldGen       total 291328K, used 264427K [0x0000000081a00000, 0x0000000093680000, 0x00000000d5e00000)
  object space 291328K, 90% used [0x0000000081a00000,0x0000000091c3aea0,0x0000000093680000)
 Metaspace       used 27939K, capacity 28440K, committed 28848K, reserved 1075200K
  class space    used 2998K, capacity 3167K, committed 3248K, reserved 1048576K
Event: 42.115 GC heap after
Heap after GC invocations=46 (full 3):
 PSYoungGen      total 569856K, used 89938K [0x00000000d5e00000, 0x00000000fff00000, 0x0000000100000000)
  eden space 451072K, 0% used [0x00000000d5e00000,0x00000000d5e00000,0x00000000f1680000)
  from space 118784K, 75% used [0x00000000f1680000,0x00000000f6e54a78,0x00000000f8a80000)
  to   space 117760K, 0% used [0x00000000f8c00000,0x00000000f8c00000,0x00000000fff00000)
 ParOldGen       total 291328K, used 266263K [0x0000000081a00000, 0x0000000093680000, 0x00000000d5e00000)
  object space 291328K, 91% used [0x0000000081a00000,0x0000000091e05ef0,0x0000000093680000)
 Metaspace       used 27939K, capacity 28440K, committed 28848K, reserved 1075200K
  class space    used 2998K, capacity 3167K, committed 3248K, reserved 1048576K
}
Event: 42.554 GC heap before
{Heap before GC invocations=47 (full 3):
 PSYoungGen      total 569856K, used 541010K [0x00000000d5e00000, 0x00000000fff00000, 0x0000000100000000)
  eden space 451072K, 100% used [0x00000000d5e00000,0x00000000f1680000,0x00000000f1680000)
  from space 118784K, 75% used [0x00000000f1680000,0x00000000f6e54a78,0x00000000f8a80000)
  to   space 117760K, 0% used [0x00000000f8c00000,0x00000000f8c00000,0x00000000fff00000)
 ParOldGen       total 291328K, used 266263K [0x0000000081a00000, 0x0000000093680000, 0x00000000d5e00000)
  object space 291328K, 91% used [0x0000000081a00000,0x0000000091e05ef0,0x0000000093680000)
 Metaspace       used 27939K, capacity 28440K, committed 28848K, reserved 1075200K
  class space    used 2998K, capacity 3167K, committed 3248K, reserved 1048576K

